2026-07-09 10:49:35 [background-preinit] INFO  o.h.validator.internal.util.Version - HV000001: Hibernate Validator 8.0.2.Final
2026-07-09 10:49:35 [main] INFO  c.S.d.DemoSpringBootApplication - Starting DemoSpringBootApplication using Java 21.0.11 with PID 47500 (C:\Users\User\OneDrive\Desktop\Proyecto_INTEGRADOR_V3\demoSpringBoot\target\classes started by User in C:\Users\User\OneDrive\Desktop\Proyecto_INTEGRADOR_V3)
2026-07-09 10:49:35 [main] INFO  c.S.d.DemoSpringBootApplication - No active profile set, falling back to 1 default profile: "default"
2026-07-09 10:49:36 [main] INFO  o.s.d.r.c.RepositoryConfigurationDelegate - Bootstrapping Spring Data JPA repositories in DEFAULT mode.
2026-07-09 10:49:36 [main] INFO  o.s.d.r.c.RepositoryConfigurationDelegate - Finished Spring Data repository scanning in 97 ms. Found 19 JPA repository interfaces.
2026-07-09 10:49:37 [main] INFO  o.s.b.w.e.tomcat.TomcatWebServer - Tomcat initialized with port 8081 (http)
2026-07-09 10:49:37 [main] INFO  o.a.coyote.http11.Http11NioProtocol - Initializing ProtocolHandler ["http-nio-8081"]
2026-07-09 10:49:37 [main] INFO  o.a.catalina.core.StandardService - Starting service [Tomcat]
2026-07-09 10:49:37 [main] INFO  o.a.catalina.core.StandardEngine - Starting Servlet engine: [Apache Tomcat/10.1.34]
2026-07-09 10:49:37 [main] INFO  o.a.c.c.C.[Tomcat].[localhost].[/] - Initializing Spring embedded WebApplicationContext
2026-07-09 10:49:37 [main] INFO  o.s.b.w.s.c.ServletWebServerApplicationContext - Root WebApplicationContext: initialization completed in 2325 ms
2026-07-09 10:49:38 [main] INFO  o.h.jpa.internal.util.LogHelper - HHH000204: Processing PersistenceUnitInfo [name: default]
2026-07-09 10:49:38 [main] INFO  org.hibernate.Version - HHH000412: Hibernate ORM core version 6.6.4.Final
2026-07-09 10:49:38 [main] INFO  o.h.c.i.RegionFactoryInitiator - HHH000026: Second-level cache disabled
2026-07-09 10:49:38 [main] INFO  o.s.o.j.p.SpringPersistenceUnitInfo - No LoadTimeWeaver setup: ignoring JPA class transformer
2026-07-09 10:49:38 [main] INFO  com.zaxxer.hikari.HikariDataSource - HikariPool-1 - Starting...
2026-07-09 10:49:38 [main] INFO  com.zaxxer.hikari.pool.HikariPool - HikariPool-1 - Added connection com.mysql.cj.jdbc.ConnectionImpl@7c200e57
2026-07-09 10:49:38 [main] INFO  com.zaxxer.hikari.HikariDataSource - HikariPool-1 - Start completed.
2026-07-09 10:49:38 [main] WARN  org.hibernate.orm.deprecation - HHH90000025: MySQLDialect does not need to be specified explicitly using 'hibernate.dialect' (remove the property setting and it will be selected by default)
2026-07-09 10:49:38 [main] INFO  o.hibernate.orm.connections.pooling - HHH10001005: Database info:
	Database JDBC URL [Connecting through datasource 'HikariDataSource (HikariPool-1)']
	Database driver: undefined/unknown
	Database version: 8.0.45
	Autocommit mode: undefined/unknown
	Isolation level: undefined/unknown
	Minimum pool size: undefined/unknown
	Maximum pool size: undefined/unknown
2026-07-09 10:49:39 [main] INFO  o.h.e.t.j.p.i.JtaPlatformInitiator - HHH000489: No JTA platform available (set 'hibernate.transaction.jta.platform' to enable JTA platform integration)
2026-07-09 10:49:39 [main] INFO  o.s.o.j.LocalContainerEntityManagerFactoryBean - Initialized JPA EntityManagerFactory for persistence unit 'default'
2026-07-09 10:49:39 [main] INFO  o.s.d.j.r.query.QueryEnhancerFactory - Hibernate is in classpath; If applicable, HQL parser will be used.
2026-07-09 10:49:41 [main] INFO  o.s.b.a.e.web.EndpointLinksResolver - Exposing 3 endpoints beneath base path '/actuator'
2026-07-09 10:49:42 [main] INFO  o.a.coyote.http11.Http11NioProtocol - Starting ProtocolHandler ["http-nio-8081"]
2026-07-09 10:49:42 [main] INFO  o.s.b.w.e.tomcat.TomcatWebServer - Tomcat started on port 8081 (http) with context path '/'
2026-07-09 10:49:42 [main] INFO  c.S.d.DemoSpringBootApplication - Started DemoSpringBootApplication in 7.718 seconds (process running for 8.274)
2026-07-09 10:49:44 [RMI TCP Connection(2)-127.0.0.1] INFO  o.a.c.c.C.[Tomcat].[localhost].[/] - Initializing Spring DispatcherServlet 'dispatcherServlet'
2026-07-09 10:49:44 [RMI TCP Connection(2)-127.0.0.1] INFO  o.s.web.servlet.DispatcherServlet - Initializing Servlet 'dispatcherServlet'
2026-07-09 10:49:44 [RMI TCP Connection(2)-127.0.0.1] INFO  o.s.web.servlet.DispatcherServlet - Completed initialization in 2 ms
2026-07-09 10:53:39 [http-nio-8081-exec-3] WARN  c.S.d.Controlador.AuthController - Login fallido: Credenciales incorrectas
2026-07-09 10:53:59 [http-nio-8081-exec-1] INFO  c.S.d.service.EmailServiceImpl - Correo de recuperación enviado a: cabezongusgus@gmail.com
2026-07-09 10:53:59 [http-nio-8081-exec-1] INFO  c.S.d.service.AuthServiceImpl - Solicitud de recuperación procesada para: cabezongusgus@gmail.com
2026-07-09 10:56:06 [http-nio-8081-exec-7] INFO  c.S.d.service.AuthServiceImpl - Contraseña restablecida para: cabezongusgus@gmail.com
2026-07-09 10:56:18 [http-nio-8081-exec-6] INFO  c.S.d.service.AuthServiceImpl - Login exitoso para: cabezongusgus@gmail.com con rol CLIENTE
