2026-06-09T10:36:06.500-05:00  INFO 33280 --- [main] c.S.d.DemoSpringBootApplication          : Starting DemoSpringBootApplication using Java 21.0.10 with PID 33280 (C:\Users\User\OneDrive\Desktop\Proyecto_INTEGRADOR_V3\demoSpringBoot\target\classes started by User in C:\Users\User\OneDrive\Desktop\Proyecto_INTEGRADOR_V3)
2026-06-09T10:36:06.501-05:00 DEBUG 33280 --- [main] c.S.d.DemoSpringBootApplication          : Running with Spring Boot v3.4.1, Spring v6.2.1
2026-06-09T10:36:06.503-05:00  INFO 33280 --- [main] c.S.d.DemoSpringBootApplication          : No active profile set, falling back to 1 default profile: "default"
2026-06-09T10:36:07.204-05:00  INFO 33280 --- [main] .s.d.r.c.RepositoryConfigurationDelegate : Bootstrapping Spring Data JPA repositories in DEFAULT mode.
2026-06-09T10:36:07.226-05:00  INFO 33280 --- [main] .s.d.r.c.RepositoryConfigurationDelegate : Finished Spring Data repository scanning in 11 ms. Found 0 JPA repository interfaces.
2026-06-09T10:36:07.844-05:00  INFO 33280 --- [main] o.s.b.w.embedded.tomcat.TomcatWebServer  : Tomcat initialized with port 8081 (http)
2026-06-09T10:36:07.855-05:00  INFO 33280 --- [main] o.apache.catalina.core.StandardService   : Starting service [Tomcat]
2026-06-09T10:36:07.855-05:00  INFO 33280 --- [main] o.apache.catalina.core.StandardEngine    : Starting Servlet engine: [Apache Tomcat/10.1.34]
2026-06-09T10:36:07.920-05:00  INFO 33280 --- [main] o.a.c.c.C.[Tomcat].[localhost].[/]       : Initializing Spring embedded WebApplicationContext
2026-06-09T10:36:07.920-05:00  INFO 33280 --- [main] w.s.c.ServletWebServerApplicationContext : Root WebApplicationContext: initialization completed in 1373 ms
2026-06-09T10:36:08.110-05:00  INFO 33280 --- [main] o.hibernate.jpa.internal.util.LogHelper  : HHH000204: Processing PersistenceUnitInfo [name: default]
2026-06-09T10:36:08.182-05:00  INFO 33280 --- [main] org.hibernate.Version                    : HHH000412: Hibernate ORM core version 6.6.4.Final
2026-06-09T10:36:08.207-05:00  INFO 33280 --- [main] o.h.c.internal.RegionFactoryInitiator    : HHH000026: Second-level cache disabled
2026-06-09T10:36:08.478-05:00  INFO 33280 --- [main] o.s.o.j.p.SpringPersistenceUnitInfo      : No LoadTimeWeaver setup: ignoring JPA class transformer
2026-06-09T10:36:08.500-05:00  INFO 33280 --- [main] com.zaxxer.hikari.HikariDataSource       : HikariPool-1 - Starting...
2026-06-09T10:36:08.775-05:00  INFO 33280 --- [main] com.zaxxer.hikari.pool.HikariPool        : HikariPool-1 - Added connection com.mysql.cj.jdbc.ConnectionImpl@7910f355
2026-06-09T10:36:08.777-05:00  INFO 33280 --- [main] com.zaxxer.hikari.HikariDataSource       : HikariPool-1 - Start completed.
2026-06-09T10:36:08.857-05:00  WARN 33280 --- [main] org.hibernate.orm.deprecation            : HHH90000025: MySQL8Dialect does not need to be specified explicitly using 'hibernate.dialect' (remove the property setting and it will be selected by default)
2026-06-09T10:36:08.858-05:00  WARN 33280 --- [main] org.hibernate.orm.deprecation            : HHH90000026: MySQL8Dialect has been deprecated; use org.hibernate.dialect.MySQLDialect instead
2026-06-09T10:36:08.869-05:00  INFO 33280 --- [main] org.hibernate.orm.connections.pooling    : HHH10001005: Database info:
	Database JDBC URL [Connecting through datasource 'HikariDataSource (HikariPool-1)']
	Database driver: undefined/unknown
	Database version: 8.0
	Autocommit mode: undefined/unknown
	Isolation level: undefined/unknown
	Minimum pool size: undefined/unknown
	Maximum pool size: undefined/unknown
2026-06-09T10:36:09.063-05:00  INFO 33280 --- [main] o.h.e.t.j.p.i.JtaPlatformInitiator       : HHH000489: No JTA platform available (set 'hibernate.transaction.jta.platform' to enable JTA platform integration)
2026-06-09T10:36:09.066-05:00  INFO 33280 --- [main] j.LocalContainerEntityManagerFactoryBean : Initialized JPA EntityManagerFactory for persistence unit 'default'
2026-06-09T10:36:09.113-05:00  WARN 33280 --- [main] JpaBaseConfiguration$JpaWebConfiguration : spring.jpa.open-in-view is enabled by default. Therefore, database queries may be performed during view rendering. Explicitly configure spring.jpa.open-in-view to disable this warning
2026-06-09T10:36:09.534-05:00  WARN 33280 --- [main] .s.s.UserDetailsServiceAutoConfiguration : 

Using generated security password: 7385766a-d0c4-4c4f-a903-d3eedf1067da

This generated password is for development use only. Your security configuration must be updated before running your application in production.

2026-06-09T10:36:09.570-05:00  INFO 33280 --- [main] r$InitializeUserDetailsManagerConfigurer : Global AuthenticationManager configured with UserDetailsService bean with name inMemoryUserDetailsManager
2026-06-09T10:36:09.756-05:00  INFO 33280 --- [main] o.s.b.w.embedded.tomcat.TomcatWebServer  : Tomcat started on port 8081 (http) with context path '/'
2026-06-09T10:36:09.764-05:00  INFO 33280 --- [main] c.S.d.DemoSpringBootApplication          : Started DemoSpringBootApplication in 3.681 seconds (process running for 4.117)
